12:59:42.361 [main] INFO  com.intuit.karate.Runner - using system property 'karate.options': --tags=@AddPost,@GetAllPost
12:59:44.104 [main] DEBUG com.intuit.karate.Suite - [config] classpath:karate-config.js
12:59:44.237 [main] DEBUG com.intuit.karate.Suite - waiting for 2 features to complete
12:59:46.206 [pool-1-thread-2] INFO  com.intuit.karate - karate.env system property was: null 
12:59:46.243 [pool-1-thread-1] INFO  com.intuit.karate - karate.env system property was: null 
12:59:47.028 [pool-1-thread-2] DEBUG com.intuit.karate - request:
1 > GET https://658b9a7e859b3491d3f4765d.mockapi.io/test/post
1 > Host: 658b9a7e859b3491d3f4765d.mockapi.io
1 > Connection: Keep-Alive
1 > User-Agent: Apache-HttpClient/4.5.14 (Java/17.0.9)
1 > Accept-Encoding: gzip,deflate


12:59:47.029 [pool-1-thread-1] DEBUG com.intuit.karate - request:
1 > POST https://658b9a7e859b3491d3f4765d.mockapi.io/test/post
1 > Content-Type: application/json; charset=UTF-8
1 > Content-Length: 27
1 > Host: 658b9a7e859b3491d3f4765d.mockapi.io
1 > Connection: Keep-Alive
1 > User-Agent: Apache-HttpClient/4.5.14 (Java/17.0.9)
1 > Accept-Encoding: gzip,deflate
{"name":"this is new post"}

12:59:48.384 [pool-1-thread-2] DEBUG com.intuit.karate - response time in milliseconds: 1347
1 < 200
1 < Server: Cowboy
1 < Report-To: {"group":"heroku-nel","max_age":3600,"endpoints":[{"url":"https://nel.heroku.com/reports?ts=1703656782&sid=1b10b0ff-8a76-4548-befa-353fc6c6c045&s=EhxSLPt53WrA9%2FPdh3kevvZY%2FVErAOHXaa7PrskqY%2F4%3D"}]}
1 < Reporting-Endpoints: heroku-nel=https://nel.heroku.com/reports?ts=1703656782&sid=1b10b0ff-8a76-4548-befa-353fc6c6c045&s=EhxSLPt53WrA9%2FPdh3kevvZY%2FVErAOHXaa7PrskqY%2F4%3D
1 < Nel: {"report_to":"heroku-nel","max_age":3600,"success_fraction":0.005,"failure_fraction":0.05,"response_headers":["Via"]}
1 < Connection: keep-alive
1 < X-Powered-By: Express
1 < Access-Control-Allow-Origin: *
1 < Access-Control-Allow-Methods: GET,PUT,POST,DELETE,OPTIONS
1 < Access-Control-Allow-Headers: X-Requested-With,Content-Type,Cache-Control,access_token
1 < Content-Type: application/json
1 < Content-Length: 216
1 < Etag: "1613483101"
1 < Date: Wed, 27 Dec 2023 05:59:42 GMT
1 < Via: 1.1 vegur
[{"name":"cobaeditpost","id":"3"},{"name":"Fernando West","id":"4"},{"name":"this is new post","id":"5"},{"name":"this is new post","id":"6"},{"name":"this is new post","id":"7"},{"name":"this is new post","id":"8"}]

12:59:48.384 [pool-1-thread-1] DEBUG com.intuit.karate - response time in milliseconds: 1347
1 < 201
1 < Server: Cowboy
1 < Report-To: {"group":"heroku-nel","max_age":3600,"endpoints":[{"url":"https://nel.heroku.com/reports?ts=1703656782&sid=1b10b0ff-8a76-4548-befa-353fc6c6c045&s=EhxSLPt53WrA9%2FPdh3kevvZY%2FVErAOHXaa7PrskqY%2F4%3D"}]}
1 < Reporting-Endpoints: heroku-nel=https://nel.heroku.com/reports?ts=1703656782&sid=1b10b0ff-8a76-4548-befa-353fc6c6c045&s=EhxSLPt53WrA9%2FPdh3kevvZY%2FVErAOHXaa7PrskqY%2F4%3D
1 < Nel: {"report_to":"heroku-nel","max_age":3600,"success_fraction":0.005,"failure_fraction":0.05,"response_headers":["Via"]}
1 < Connection: keep-alive
1 < X-Powered-By: Express
1 < Access-Control-Allow-Origin: *
1 < Access-Control-Allow-Methods: GET,PUT,POST,DELETE,OPTIONS
1 < Access-Control-Allow-Headers: X-Requested-With,Content-Type,Cache-Control,access_token
1 < Content-Type: application/json
1 < Content-Length: 36
1 < Date: Wed, 27 Dec 2023 05:59:42 GMT
1 < Via: 1.1 vegur
{"name":"this is new post","id":"8"}

12:59:48.389 [pool-1-thread-1] INFO  com.intuit.karate - [print] Successfully add new Post :  {
  "name": "this is new post",
  "id": "8"
}
 
12:59:49.239 [pool-2-thread-1] INFO  com.intuit.karate.Suite - <<pass>> feature 1 of 2 (1 remaining) classpath:examples/users/posts.feature
